<?xml version="1.0" encoding="UTF-8"?>
<testsuite name="runners.FinancialSituationRunners" tests="0" skipped="0" failures="0" errors="0" timestamp="1970-01-01T00:00:00" hostname="QV-2655" time="0.0">
  <properties/>
  <system-out><![CDATA[
?[31mFailed scenarios:?[0m
file:///C:/Users/QV-2655/Documents/Qvsion/Banistmo/Reto/src/test/resources/features/financialsituation.feature:3 # financial situation succefull

1 Scenarios (?[31m1 failed?[0m)
3 Steps (?[31m1 failed?[0m, ?[32m2 passed?[0m)
0m57,349s


java.lang.AssertionError: no such element: Unable to locate element: {"method":"xpath","selector":"original-url"}
  (Session info: chrome=98.0.4758.102)
For documentation on this error, please visit: https://www.seleniumhq.org/exceptions/no_such_element.html
Build info: version: '3.141.59', revision: 'e82be7d358', time: '2018-11-14T08:17:03'
System info: host: 'QV-2655', ip: '192.168.20.34', os.name: 'Windows 10', os.arch: 'amd64', os.version: '10.0', java.version: '1.8.0_312'
Driver info: org.openqa.selenium.chrome.ChromeDriver
Capabilities {acceptInsecureCerts: false, browserName: chrome, browserVersion: 98.0.4758.102, chrome: {chromedriverVersion: 98.0.4758.102 (273bf7ac8c90..., userDataDir: C:\Users\QV-2655\AppData\Lo...}, goog:chromeOptions: {debuggerAddress: localhost:52636}, javascriptEnabled: true, networkConnectionEnabled: false, pageLoadStrategy: normal, platform: WINDOWS, platformName: WINDOWS, proxy: Proxy(), setWindowRect: true, strictFileInteractability: false, timeouts: {implicit: 0, pageLoad: 300000, script: 30000}, unhandledPromptBehavior: dismiss and notify, webauthn:extension:credBlob: true, webauthn:extension:largeBlob: true, webauthn:virtualAuthenticators: true}
Session ID: 4a26ec50ae1b04875f404c087c0e2ed6
*** Element info: {Using=xpath, value=original-url}
	at net.serenitybdd.screenplay.ErrorTally.throwSummaryExceptionFrom(ErrorTally.java:38)
	at net.serenitybdd.screenplay.ErrorTally.reportAnyErrors(ErrorTally.java:32)
	at net.serenitybdd.screenplay.Actor.should(Actor.java:322)
	at stepsdefinitions.FinancialSituationStepDefinition.validationTheUrlPdf(FinancialSituationStepDefinition.java:30)
	at ?.Validation the url pdf "https://www.aerocivil.gov.co/atencion/presupuesto/Estados%20Financieros/Estado%20de%20Situaci%C3%B3n%20Financiera%20a%2031%20de%20diciembre%20de%202021.pdf"(file:///C:/Users/QV-2655/Documents/Qvsion/Banistmo/Reto/src/test/resources/features/financialsituation.feature:8)


]]></system-out>
  <system-err><![CDATA[SLF4J: Failed to load class "org.slf4j.impl.StaticLoggerBinder".
SLF4J: Defaulting to no-operation (NOP) logger implementation
SLF4J: See http://www.slf4j.org/codes.html#StaticLoggerBinder for further details.
]]></system-err>
</testsuite>
